<?xml version="1.0" encoding="utf-8"?><testsuites><testsuite name="pytest" errors="0" failures="0" skipped="0" tests="1" time="0.450" timestamp="2022-12-08T16:21:24.373145" hostname="CULTURE-VR66Y39MJP"><testcase classname="tests.test_app.TestSuite" name="test_version" time="0.003" /></testsuite></testsuites>