<?xml version="1.0" encoding="utf-8"?><testsuites><testsuite name="pytest" errors="0" failures="0" skipped="0" tests="1" time="0.355" timestamp="2022-12-08T21:14:14.566056" hostname="CULTURE-VR66Y39MJP"><testcase classname="tests.test_app.TestSuite" name="test_version" time="0.002" /></testsuite></testsuites>